docapp/build/intermediates/manifest_merge_blame_file/debug/manifest-merger-blame-debug-report.txt
1<?xml version="1.0" encoding="utf-8"?>
2<manifest xmlns:android="http://schemas.android.com/apk/res/android"
3    package="com.example.docapp"
4    android:versionCode="1"
5    android:versionName="1.0" >
6
7    <uses-sdk
8        android:minSdkVersion="26"
8-->src\main\AndroidManifest.xml
9        android:targetSdkVersion="29" />
9-->src\main\AndroidManifest.xml
10
11    <uses-permission android:name="android.permission.WAKE_LOCK" />
11-->src\main\AndroidManifest.xml:5:5-68
11-->src\main\AndroidManifest.xml:5:22-65
12    <uses-permission android:name="android.permission.ACCESS_NETWORK_STATE" />
12-->src\main\AndroidManifest.xml:6:5-78
12-->src\main\AndroidManifest.xml:6:22-76
13    <uses-permission android:name="android.permission.INTERNET" />
13-->src\main\AndroidManifest.xml:7:5-66
13-->src\main\AndroidManifest.xml:7:22-64
14
15    <uses-feature android:name="android.hardware.type.watch" />
15-->src\main\AndroidManifest.xml:8:5-64
15-->src\main\AndroidManifest.xml:8:19-61
16
17    <uses-permission android:name="android.permission.VIBRATE" />
17-->src\main\AndroidManifest.xml:9:5-66
17-->src\main\AndroidManifest.xml:9:22-63
18
19    <application
19-->src\main\AndroidManifest.xml:11:5-40:19
20        android:allowBackup="true"
20-->src\main\AndroidManifest.xml:12:9-35
21        android:appComponentFactory="androidx.core.app.CoreComponentFactory"
21-->[androidx.core:core:1.1.0] AndroidManifest.xml:24:18-86
22        android:debuggable="true"
23        android:icon="@mipmap/ic_launcher"
23-->src\main\AndroidManifest.xml:13:9-43
24        android:label="@string/app_name"
24-->src\main\AndroidManifest.xml:14:9-41
25        android:supportsRtl="true"
25-->src\main\AndroidManifest.xml:15:9-35
26        android:theme="@style/AppTheme.FullScreen"
26-->src\main\AndroidManifest.xml:17:9-51
27        android:usesCleartextTraffic="true" >
27-->src\main\AndroidManifest.xml:16:9-44
28        <activity android:name="com.example.docapp.dashboard" />
28-->src\main\AndroidManifest.xml:18:9-56
28-->src\main\AndroidManifest.xml:18:19-44
29
30        <uses-library
30-->src\main\AndroidManifest.xml:20:9-22:39
31            android:name="com.google.android.wearable"
31-->src\main\AndroidManifest.xml:21:13-55
32            android:required="true" />
32-->src\main\AndroidManifest.xml:22:13-36
33        <!--
34               Set to true if your app is Standalone, that is, it does not require the handheld
35               app to run.
36        -->
37        <meta-data
37-->src\main\AndroidManifest.xml:27:9-29:36
38            android:name="com.google.android.wearable.standalone"
38-->src\main\AndroidManifest.xml:28:13-66
39            android:value="true" />
39-->src\main\AndroidManifest.xml:29:13-33
40
41        <activity
41-->src\main\AndroidManifest.xml:31:9-39:20
42            android:name="com.example.docapp.MainActivity"
42-->src\main\AndroidManifest.xml:32:13-41
43            android:label="@string/app_name" >
43-->src\main\AndroidManifest.xml:33:13-45
44            <intent-filter>
44-->src\main\AndroidManifest.xml:34:13-38:29
45                <action android:name="android.intent.action.MAIN" />
45-->src\main\AndroidManifest.xml:35:17-69
45-->src\main\AndroidManifest.xml:35:25-66
46
47                <category android:name="android.intent.category.LAUNCHER" />
47-->src\main\AndroidManifest.xml:37:17-77
47-->src\main\AndroidManifest.xml:37:27-74
48            </intent-filter>
49        </activity>
50        <activity
50-->[com.google.android.gms:play-services-base:16.0.1] AndroidManifest.xml:23:9-26:75
51            android:name="com.google.android.gms.common.api.GoogleApiActivity"
51-->[com.google.android.gms:play-services-base:16.0.1] AndroidManifest.xml:24:13-79
52            android:exported="false"
52-->[com.google.android.gms:play-services-base:16.0.1] AndroidManifest.xml:25:13-37
53            android:theme="@android:style/Theme.Translucent.NoTitleBar" />
53-->[com.google.android.gms:play-services-base:16.0.1] AndroidManifest.xml:26:13-72
54
55        <meta-data
55-->[com.google.android.gms:play-services-basement:16.0.1] AndroidManifest.xml:23:9-25:69
56            android:name="com.google.android.gms.version"
56-->[com.google.android.gms:play-services-basement:16.0.1] AndroidManifest.xml:24:13-58
57            android:value="@integer/google_play_services_version" />
57-->[com.google.android.gms:play-services-basement:16.0.1] AndroidManifest.xml:25:13-66
58    </application>
59
60</manifest>